\BOOKMARK [0][-]{chapter.3}{\376\377\0001\000\040\000I\000N\000T\000R\000O\000D\000U\000C\000T\000I\000O\000N}{}% 1
\BOOKMARK [1][-]{section.4}{\376\377\0001\000.\0001\000\040\000B\000A\000C\000K\000G\000R\000O\000U\000N\000D\000\040\000S\000T\000U\000D\000Y}{chapter.3}% 2
\BOOKMARK [1][-]{section.5}{\376\377\0001\000.\0002\000\040\000P\000R\000O\000J\000E\000C\000T\000\040\000S\000I\000G\000N\000I\000F\000I\000C\000A\000N\000C\000E}{chapter.3}% 3
\BOOKMARK [2][-]{subsection.6}{\376\377\0001\000.\0002\000.\0001\000\040\000P\000R\000O\000B\000L\000E\000M\000\040\000S\000T\000A\000T\000E\000M\000E\000N\000T}{section.5}% 4
\BOOKMARK [2][-]{subsection.7}{\376\377\0001\000.\0002\000.\0002\000\040\000P\000R\000O\000P\000O\000S\000E\000D\000\040\000S\000O\000L\000U\000T\000I\000O\000N}{section.5}% 5
\BOOKMARK [2][-]{subsection.8}{\376\377\0001\000.\0002\000.\0003\000\040\000A\000I\000M\000S\000\040\000A\000N\000D\000\040\000O\000B\000J\000E\000C\000T\000I\000V\000E\000S}{section.5}% 6
\BOOKMARK [3][-]{subsubsection.9}{\376\377\0001\000.\0002\000.\0003\000.\0001\000\040\000A\000I\000M}{subsection.8}% 7
\BOOKMARK [3][-]{subsubsection.10}{\376\377\0001\000.\0002\000.\0003\000.\0002\000\040\000O\000B\000J\000E\000C\000T\000I\000V\000E\000S}{subsection.8}% 8
\BOOKMARK [1][-]{section.11}{\376\377\0001\000.\0003\000\040\000P\000R\000O\000J\000E\000C\000T\000\040\000O\000V\000E\000R\000V\000I\000E\000W}{chapter.3}% 9
\BOOKMARK [1][-]{section.12}{\376\377\0001\000.\0004\000\040\000S\000C\000O\000P\000E\000\040\000A\000N\000D\000\040\000L\000I\000M\000I\000T\000A\000T\000I\000O\000N}{chapter.3}% 10
\BOOKMARK [2][-]{subsubsection.13}{\376\377\0001\000.\0004\000.\0000\000.\0001\000\040\000P\000R\000O\000J\000E\000C\000T\000\040\000S\000C\000O\000P\000E}{section.12}% 11
\BOOKMARK [3][-]{subsubsection.14}{\376\377\0001\000.\0004\000.\0000\000.\0002\000\040\000P\000R\000O\000J\000E\000C\000T\000\040\000L\000I\000M\000I\000T\000A\000T\000I\000O\000N\000S}{subsubsection.13}% 12
\BOOKMARK [1][-]{section.15}{\376\377\0001\000.\0005\000\040\000R\000E\000Q\000U\000I\000R\000E\000M\000E\000N\000T}{chapter.3}% 13
\BOOKMARK [2][-]{subsubsection.16}{\376\377\0001\000.\0005\000.\0000\000.\0001\000\040\000R\000E\000Q\000U\000I\000R\000E\000M\000E\000N\000T\000\040\000S\000P\000E\000C\000I\000F\000I\000C\000A\000T\000I\000O\000N}{section.15}% 14
\BOOKMARK [3][-]{subsubsection.17}{\376\377\0001\000.\0005\000.\0000\000.\0002\000\040\000F\000U\000N\000C\000T\000I\000O\000N\000A\000L\000\040\000R\000E\000Q\000U\000I\000R\000E\000M\000E\000N\000T\000S}{subsubsection.16}% 15
\BOOKMARK [3][-]{subsubsection.29}{\376\377\0001\000.\0005\000.\0000\000.\0003\000\040\000N\000O\000N\000\040\000F\000U\000N\000C\000T\000I\000O\000N\000A\000L\000\040\000R\000E\000Q\000U\000I\000R\000E\000M\000E\000N\000T\000S}{subsubsection.16}% 16
\BOOKMARK [3][-]{subsubsection.30}{\376\377\0001\000.\0005\000.\0000\000.\0004\000\040\000R\000E\000Q\000U\000I\000R\000E\000M\000E\000N\000T\000S\000\040\000M\000A\000S\000T\000E\000R\000\040\000L\000I\000S\000T}{subsubsection.16}% 17
\BOOKMARK [0][-]{chapter.31}{\376\377\0002\000\040\000B\000A\000C\000K\000G\000R\000O\000U\000N\000D\000\040\000L\000I\000T\000E\000R\000A\000T\000U\000R\000E}{}% 18
\BOOKMARK [1][-]{section.32}{\376\377\0002\000.\0001\000\040\000L\000I\000T\000E\000R\000A\000T\000U\000R\000E\000\040\000R\000E\000V\000I\000E\000W}{chapter.31}% 19
\BOOKMARK [0][-]{chapter.33}{\376\377\0003\000\040\000D\000E\000S\000I\000G\000N\000\040\000A\000N\000D\000\040\000A\000N\000A\000L\000Y\000S\000I\000S}{}% 20
\BOOKMARK [0][-]{dummy.35}{\376\377\000B\000i\000b\000l\000i\000o\000g\000r\000a\000p\000h\000y}{}% 21
